Arguments: 
  /usr/local/Cellar/node/9.7.1/bin/node /usr/local/bin/yarn nightwatch-cucumber-chrome

PATH: 
  /usr/local/bin:/usr/bin:/bin:/usr/sbin:/sbin

Yarn version: 
  1.5.1

Node version: 
  9.7.1

Platform: 
  darwin x64

npm manifest: 
  {
    "name": "e2e-testing",
    "version": "0.1.0",
    "description": "End-to-End Testing with Nightwatch and Cucumber",
    "devDependencies": {},
    "scripts": {
      "selenium-install": "node_modules/.bin/selenium-standalone install",
      "selenium": "node_modules/.bin/selenium-standalone start",
      "nightwatch-cucumber-chrome": "node_modules/.bin/nightwatch -c ./nightwatch-cucumber.conf.js -e chrome",
      "nightwatch-cucumber-firefox": "node_modules/.bin/nightwatch -c ./nightwatch-cucumber.conf.js -e firefox",
      "nightwatch-cucumber-chrome-firefox": "node_modules/.bin/nightwatch -c ./nightwatch-cucumber.conf.js -e chrome,firefox"
    },
    "dependencies": {
      "chromedriver": "2.35.0",
      "cucumber": "^2.1.0",
      "cucumber-html-reporter": "^0.4.2",
      "geckodriver": "^1.6.1",
      "minimist": "^1.2.0",
      "nightwatch": "^0.9.15",
      "nightwatch-cucumber": "^7.1.6",
      "selenium-standalone": "^6.4.1",
      "selenium-webdriver": "3.4.0"
    }
  }

yarn manifest: 
  No manifest

Lockfile: 
  No lockfile

Trace: 
  Error: Command failed.
  Exit code: 1
  Command: sh
  Arguments: -c node_modules/.bin/nightwatch -c ./nightwatch-cucumber.conf.js -e chrome
  Directory: /Users/paullittlebury/projects/nightwatchjs-cucumberjs
  Output:
  
      at ProcessTermError.MessageError (/usr/local/lib/node_modules/yarn/lib/cli.js:186:110)
      at new ProcessTermError (/usr/local/lib/node_modules/yarn/lib/cli.js:226:113)
      at ChildProcess.<anonymous> (/usr/local/lib/node_modules/yarn/lib/cli.js:30281:17)
      at ChildProcess.emit (events.js:127:13)
      at maybeClose (internal/child_process.js:936:16)
      at Process.ChildProcess._handle.onexit (internal/child_process.js:220:5)
